{"uid":"7cf43ac16ec61e31","name":"Verify about me section content","fullName":"Data.Tests/Features/HomepageData/Verify about me section content","historyId":"be761ab271d83d53e961d5f8492fe301","time":{"start":1763062856692,"stop":1763062856820,"duration":128},"status":"broken","statusMessage":"Database connection failed, see logs for more details.","statusTrace":"System.InvalidOperationException: Database connection failed, see logs for more details.\n ---> System.ArgumentNullException: Value cannot be null. (Parameter 'input')\n   at System.Text.RegularExpressions.ThrowHelper.ThrowArgumentNullException(ExceptionArgument arg)\n   at System.Text.RegularExpressions.Regex.Match(String input)\n   at Supabase.Client..ctor(String supabaseUrl, String supabaseKey, SupabaseOptions options)\n   at Core.DatabaseClient.InitializeAsync() in /app/Core/DatabaseClient.cs:line 27\n   --- End of inner exception stack trace ---\n   at Core.DatabaseClient.InitializeAsync() in /app/Core/DatabaseClient.cs:line 34\n   at Data.Tests.StepDefinitions.HomepageDataStepDefinitions.GivenTheHomepageContentTableIsPopulated() in /app/Data.Tests/StepDefinitions/HomepageDataStepDefinitions.cs:line 23\n   at Reqnroll.Bindings.AsyncMethodHelper.ConvertTaskOfT(Task task, Boolean getValue)\n   at Reqnroll.Bindings.BindingDelegateInvoker.InvokeDelegateAsync(Delegate bindingDelegate, Object[] invokeArgs, ExecutionContextHolder executionContext)\n   at Reqnroll.Bindings.BindingInvoker.InvokeBindingAsync(IBinding binding, IContextManager contextManager, Object[] arguments, ITestTracer testTracer, DurationHolder durationHolder)\n   at Reqnroll.Infrastructure.TestExecutionEngine.ExecuteStepMatchAsync(BindingMatch match, Object[] arguments, DurationHolder durationHolder)\n   at Reqnroll.Infrastructure.TestExecutionEngine.ExecuteStepMatchAsync(BindingMatch match, Object[] arguments, DurationHolder durationHolder)\n   at Reqnroll.Infrastructure.TestExecutionEngine.<>c__DisplayClass57_0.<<ExecuteStepAsync>b__7>d.MoveNext()\n--- End of stack trace from previous location ---\n   at Reqnroll.Infrastructure.TestExecutionEngine.<>c__DisplayClass57_0.<<ExecuteStepAsync>g__HandleStepExecutionExceptions|0>d.MoveNext()\n   at Reqnroll.Infrastructure.TestExecutionEngine.OnAfterLastStepAsync()\n   at Reqnroll.TestRunner.CollectScenarioErrorsAsync()\n   at Allure.ReqnrollPlugin.SelectiveRun.TestPlanAwareTestRunner.CollectScenarioErrorsAsync()\n   at Data.Tests.Features.HomepageDataFeature.ScenarioCleanupAsync()\n   at Data.Tests.Features.HomepageDataFeature.VerifyAboutMeSectionContent() in /app/Data.Tests/Features/HomepageData.feature:line 13\n   at NUnit.Framework.Internal.TaskAwaitAdapter.GenericAdapter`1.GetResult()\n   at NUnit.Framework.Internal.AsyncToSyncAdapter.Await[TResult](TestExecutionContext context, Func`1 invoke)\n   at NUnit.Framework.Internal.AsyncToSyncAdapter.Await(TestExecutionContext context, Func`1 invoke)\n   at NUnit.Framework.Internal.Commands.TestMethodCommand.RunTestMethod(TestExecutionContext context)\n   at NUnit.Framework.Internal.Commands.TestMethodCommand.Execute(TestExecutionContext context)\n   at NUnit.Framework.Internal.Commands.BeforeAndAfterTestCommand.<>c__DisplayClass1_0.<Execute>b__0()\n   at NUnit.Framework.Internal.Commands.DelegatingTestCommand.RunTestMethodInThreadAbortSafeZone(TestExecutionContext context, Action action)","flaky":false,"newFailed":false,"newBroken":true,"newPassed":false,"retriesCount":0,"retriesStatusChange":false,"beforeStages":[{"name":"DataHooks.BeforeScenario(ScenarioContext)","time":{"start":1763062856675,"stop":1763062856691,"duration":16},"status":"passed","steps":[],"attachments":[],"parameters":[],"stepsCount":0,"shouldDisplayMessage":false,"attachmentsCount":0,"hasContent":false,"attachmentStep":false}],"testStage":{"status":"broken","statusMessage":"Database connection failed, see logs for more details.","statusTrace":"System.InvalidOperationException: Database connection failed, see logs for more details.\n ---> System.ArgumentNullException: Value cannot be null. (Parameter 'input')\n   at System.Text.RegularExpressions.ThrowHelper.ThrowArgumentNullException(ExceptionArgument arg)\n   at System.Text.RegularExpressions.Regex.Match(String input)\n   at Supabase.Client..ctor(String supabaseUrl, String supabaseKey, SupabaseOptions options)\n   at Core.DatabaseClient.InitializeAsync() in /app/Core/DatabaseClient.cs:line 27\n   --- End of inner exception stack trace ---\n   at Core.DatabaseClient.InitializeAsync() in /app/Core/DatabaseClient.cs:line 34\n   at Data.Tests.StepDefinitions.HomepageDataStepDefinitions.GivenTheHomepageContentTableIsPopulated() in /app/Data.Tests/StepDefinitions/HomepageDataStepDefinitions.cs:line 23\n   at Reqnroll.Bindings.AsyncMethodHelper.ConvertTaskOfT(Task task, Boolean getValue)\n   at Reqnroll.Bindings.BindingDelegateInvoker.InvokeDelegateAsync(Delegate bindingDelegate, Object[] invokeArgs, ExecutionContextHolder executionContext)\n   at Reqnroll.Bindings.BindingInvoker.InvokeBindingAsync(IBinding binding, IContextManager contextManager, Object[] arguments, ITestTracer testTracer, DurationHolder durationHolder)\n   at Reqnroll.Infrastructure.TestExecutionEngine.ExecuteStepMatchAsync(BindingMatch match, Object[] arguments, DurationHolder durationHolder)\n   at Reqnroll.Infrastructure.TestExecutionEngine.ExecuteStepMatchAsync(BindingMatch match, Object[] arguments, DurationHolder durationHolder)\n   at Reqnroll.Infrastructure.TestExecutionEngine.<>c__DisplayClass57_0.<<ExecuteStepAsync>b__7>d.MoveNext()\n--- End of stack trace from previous location ---\n   at Reqnroll.Infrastructure.TestExecutionEngine.<>c__DisplayClass57_0.<<ExecuteStepAsync>g__HandleStepExecutionExceptions|0>d.MoveNext()\n   at Reqnroll.Infrastructure.TestExecutionEngine.OnAfterLastStepAsync()\n   at Reqnroll.TestRunner.CollectScenarioErrorsAsync()\n   at Allure.ReqnrollPlugin.SelectiveRun.TestPlanAwareTestRunner.CollectScenarioErrorsAsync()\n   at Data.Tests.Features.HomepageDataFeature.ScenarioCleanupAsync()\n   at Data.Tests.Features.HomepageDataFeature.VerifyAboutMeSectionContent() in /app/Data.Tests/Features/HomepageData.feature:line 13\n   at NUnit.Framework.Internal.TaskAwaitAdapter.GenericAdapter`1.GetResult()\n   at NUnit.Framework.Internal.AsyncToSyncAdapter.Await[TResult](TestExecutionContext context, Func`1 invoke)\n   at NUnit.Framework.Internal.AsyncToSyncAdapter.Await(TestExecutionContext context, Func`1 invoke)\n   at NUnit.Framework.Internal.Commands.TestMethodCommand.RunTestMethod(TestExecutionContext context)\n   at NUnit.Framework.Internal.Commands.TestMethodCommand.Execute(TestExecutionContext context)\n   at NUnit.Framework.Internal.Commands.BeforeAndAfterTestCommand.<>c__DisplayClass1_0.<Execute>b__0()\n   at NUnit.Framework.Internal.Commands.DelegatingTestCommand.RunTestMethodInThreadAbortSafeZone(TestExecutionContext context, Action action)","steps":[{"name":"Given the homepage_content table is populated","time":{"start":1763062856737,"stop":1763062856802,"duration":65},"status":"broken","statusMessage":"Database connection failed, see logs for more details.","statusTrace":"System.InvalidOperationException: Database connection failed, see logs for more details.\n ---> System.ArgumentNullException: Value cannot be null. (Parameter 'input')\n   at System.Text.RegularExpressions.ThrowHelper.ThrowArgumentNullException(ExceptionArgument arg)\n   at System.Text.RegularExpressions.Regex.Match(String input)\n   at Supabase.Client..ctor(String supabaseUrl, String supabaseKey, SupabaseOptions options)\n   at Core.DatabaseClient.InitializeAsync() in /app/Core/DatabaseClient.cs:line 27\n   --- End of inner exception stack trace ---\n   at Core.DatabaseClient.InitializeAsync() in /app/Core/DatabaseClient.cs:line 34\n   at Data.Tests.StepDefinitions.HomepageDataStepDefinitions.GivenTheHomepageContentTableIsPopulated() in /app/Data.Tests/StepDefinitions/HomepageDataStepDefinitions.cs:line 23\n   at Reqnroll.Bindings.AsyncMethodHelper.ConvertTaskOfT(Task task, Boolean getValue)\n   at Reqnroll.Bindings.BindingDelegateInvoker.InvokeDelegateAsync(Delegate bindingDelegate, Object[] invokeArgs, ExecutionContextHolder executionContext)\n   at Reqnroll.Bindings.BindingInvoker.InvokeBindingAsync(IBinding binding, IContextManager contextManager, Object[] arguments, ITestTracer testTracer, DurationHolder durationHolder)\n   at Reqnroll.Infrastructure.TestExecutionEngine.ExecuteStepMatchAsync(BindingMatch match, Object[] arguments, DurationHolder durationHolder)\n   at Reqnroll.Infrastructure.TestExecutionEngine.ExecuteStepMatchAsync(BindingMatch match, Object[] arguments, DurationHolder durationHolder)\n   at Reqnroll.Infrastructure.TestExecutionEngine.<>c__DisplayClass57_0.<<ExecuteStepAsync>b__7>d.MoveNext()\n--- End of stack trace from previous location ---\n   at Reqnroll.Infrastructure.TestExecutionEngine.<>c__DisplayClass57_0.<<ExecuteStepAsync>g__HandleStepExecutionExceptions|0>d.MoveNext()","steps":[],"attachments":[],"parameters":[],"stepsCount":0,"shouldDisplayMessage":true,"attachmentsCount":0,"hasContent":true,"attachmentStep":false},{"name":"When the about_me content is retrieved","time":{"start":1763062856805,"stop":1763062856808,"duration":3},"status":"skipped","steps":[],"attachments":[],"parameters":[],"stepsCount":0,"shouldDisplayMessage":false,"attachmentsCount":0,"hasContent":false,"attachmentStep":false},{"name":"Then the text should match the expected value","time":{"start":1763062856810,"stop":1763062856810,"duration":0},"status":"skipped","steps":[],"attachments":[],"parameters":[],"stepsCount":0,"shouldDisplayMessage":false,"attachmentsCount":0,"hasContent":false,"attachmentStep":false}],"attachments":[],"parameters":[],"stepsCount":3,"shouldDisplayMessage":false,"attachmentsCount":0,"hasContent":true,"attachmentStep":false},"afterStages":[{"name":"DataHooks.AfterScenario(ScenarioContext)","time":{"start":1763062856825,"stop":1763062856826,"duration":1},"status":"passed","steps":[],"attachments":[],"parameters":[],"stepsCount":0,"shouldDisplayMessage":false,"attachmentsCount":0,"hasContent":false,"attachmentStep":false}],"labels":[{"name":"host","value":"91d3c871294e"},{"name":"thread","value":"NUnit.Fw.NonParallelWorker"},{"name":"language","value":"C#"},{"name":"framework","value":"Reqnroll"},{"name":"package","value":"Features.HomepageData"},{"name":"feature","value":"HomepageData"},{"name":"tag","value":"mytag"},{"name":"resultFormat","value":"allure2"}],"parameters":[],"links":[],"hidden":false,"retry":false,"extra":{"severity":"normal","retries":[],"categories":[{"name":"Test defects","matchedStatuses":[],"flaky":false}],"history":{"statistic":{"failed":0,"broken":2,"skipped":0,"passed":10,"unknown":0,"total":12},"items":[{"uid":"3b614da1bf771c14","reportUrl":"https://Xela96.github.io/csharp-test-framework/47/#testresult/3b614da1bf771c14","status":"passed","time":{"start":1763036772273,"stop":1763036773750,"duration":1477}},{"uid":"ff735bd9254676da","reportUrl":"https://Xela96.github.io/csharp-test-framework/46/#testresult/ff735bd9254676da","status":"passed","time":{"start":1763036488616,"stop":1763036490139,"duration":1523}},{"uid":"5bc1d2c0f10e80cc","reportUrl":"https://Xela96.github.io/csharp-test-framework/45/#testresult/5bc1d2c0f10e80cc","status":"passed","time":{"start":1763035834863,"stop":1763035836425,"duration":1562}},{"uid":"1ca0309ebbcc2aae","reportUrl":"https://Xela96.github.io/csharp-test-framework/44/#testresult/1ca0309ebbcc2aae","status":"passed","time":{"start":1762971847887,"stop":1762971849356,"duration":1469}},{"uid":"829445192ee3a931","reportUrl":"https://Xela96.github.io/csharp-test-framework/43/#testresult/829445192ee3a931","status":"passed","time":{"start":1762971711726,"stop":1762971713298,"duration":1572}},{"uid":"764d341f393fe432","reportUrl":"https://Xela96.github.io/csharp-test-framework/42/#testresult/764d341f393fe432","status":"passed","time":{"start":1762971380439,"stop":1762971381708,"duration":1269}},{"uid":"293292f3aabddac8","reportUrl":"https://Xela96.github.io/csharp-test-framework/41/#testresult/293292f3aabddac8","status":"passed","time":{"start":1762970720802,"stop":1762970722267,"duration":1465}},{"uid":"d12bf016e463e951","reportUrl":"https://Xela96.github.io/csharp-test-framework/40/#testresult/d12bf016e463e951","status":"passed","time":{"start":1762969862957,"stop":1762969864103,"duration":1146}},{"uid":"42c5b8f198c7a64a","reportUrl":"https://Xela96.github.io/csharp-test-framework/39/#testresult/42c5b8f198c7a64a","status":"broken","statusDetails":"Could not find file '/home/runner/work/csharp-test-framework/csharp-test-framework/CSharpTestFramework/Data.Tests/bin/Debug/net8.0/logs/dotnet_en-GB.txt'.","time":{"start":1762968038138,"stop":1762968039325,"duration":1187}},{"uid":"7ca5b4ea646abb4a","reportUrl":"https://Xela96.github.io/csharp-test-framework/38/#testresult/7ca5b4ea646abb4a","status":"passed","time":{"start":1762967441038,"stop":1762967442474,"duration":1436}},{"uid":"cfb4cf1654a47441","reportUrl":"https://Xela96.github.io/csharp-test-framework/37/#testresult/cfb4cf1654a47441","status":"passed","time":{"start":1762965996706,"stop":1762965997955,"duration":1249}}]},"tags":["mytag"]},"source":"7cf43ac16ec61e31.json","parameterValues":[]}