{"uid":"42c5b8f198c7a64a","name":"Verify about me section content","fullName":"Data.Tests/Features/HomepageData/Verify about me section content","historyId":"be761ab271d83d53e961d5f8492fe301","time":{"start":1762968038138,"stop":1762968039325,"duration":1187},"status":"broken","statusMessage":"Could not find file '/home/runner/work/csharp-test-framework/csharp-test-framework/CSharpTestFramework/Data.Tests/bin/Debug/net8.0/logs/dotnet_en-GB.txt'.","statusTrace":"System.IO.FileNotFoundException: Could not find file '/home/runner/work/csharp-test-framework/csharp-test-framework/CSharpTestFramework/Data.Tests/bin/Debug/net8.0/logs/dotnet_en-GB.txt'.\nFile name: '/home/runner/work/csharp-test-framework/csharp-test-framework/CSharpTestFramework/Data.Tests/bin/Debug/net8.0/logs/dotnet_en-GB.txt'\n   at Interop.ThrowExceptionForIoErrno(ErrorInfo errorInfo, String path, Boolean isDirError)\n   at Microsoft.Win32.SafeHandles.SafeFileHandle.Open(String path, OpenFlags flags, Int32 mode, Boolean failForSymlink, Boolean& wasSymlink, Func`4 createOpenException)\n   at Microsoft.Win32.SafeHandles.SafeFileHandle.Open(String fullPath, FileMode mode, FileAccess access, FileShare share, FileOptions options, Int64 preallocationSize, UnixFileMode openPermissions, Int64& fileLength, UnixFileMode& filePermissions, Boolean failForSymlink, Boolean& wasSymlink, Func`4 createOpenException)\n   at System.IO.File.OpenHandle(String path, FileMode mode, FileAccess access, FileShare share, FileOptions options, Int64 preallocationSize)\n   at System.IO.File.ReadAllBytes(String path)\n   at Allure.Net.Commons.AllureApi.AddAttachment(String name, String type, String path)\n   at Data.Tests.Hooks.DataHooks.AfterScenario(ScenarioContext scenarioContext) in /home/runner/work/csharp-test-framework/csharp-test-framework/CSharpTestFramework/Data.Tests/Hooks/DataHooks.cs:line 48\n   at InvokeStub_Action`2.Invoke(Object, Span`1)\n   at System.Reflection.MethodBaseInvoker.InvokeWithFewArgs(Object obj, BindingFlags invokeAttr, Binder binder, Object[] parameters, CultureInfo culture)\n--- End of stack trace from previous location ---\n   at Reqnroll.Bindings.BindingInvoker.InvokeBindingAsync(IBinding binding, IContextManager contextManager, Object[] arguments, ITestTracer testTracer, DurationHolder durationHolder)\n   at Reqnroll.Infrastructure.TestExecutionEngine.InvokeHookAsync(IAsyncBindingInvoker invoker, IHookBinding hookBinding, HookType hookType)\n   at Reqnroll.Infrastructure.TestExecutionEngine.InvokeHookAsync(IAsyncBindingInvoker invoker, IHookBinding hookBinding, HookType hookType)\n   at Reqnroll.Infrastructure.TestExecutionEngine.FireEventsAsync(HookType hookType)\n   at Reqnroll.Infrastructure.TestExecutionEngine.FireEventsAsync(HookType hookType)\n   at Reqnroll.Infrastructure.TestExecutionEngine.FireScenarioEventsAsync(HookType bindingEvent)\n   at Reqnroll.Infrastructure.TestExecutionEngine.OnScenarioEndAsync()","flaky":false,"newFailed":false,"newBroken":true,"newPassed":false,"retriesCount":0,"retriesStatusChange":false,"beforeStages":[{"name":"DataHooks.BeforeScenario(ScenarioContext)","time":{"start":1762968038112,"stop":1762968038132,"duration":20},"status":"passed","steps":[],"attachments":[],"parameters":[],"stepsCount":0,"shouldDisplayMessage":false,"attachmentsCount":0,"hasContent":false,"attachmentStep":false}],"testStage":{"status":"broken","statusMessage":"Could not find file '/home/runner/work/csharp-test-framework/csharp-test-framework/CSharpTestFramework/Data.Tests/bin/Debug/net8.0/logs/dotnet_en-GB.txt'.","statusTrace":"System.IO.FileNotFoundException: Could not find file '/home/runner/work/csharp-test-framework/csharp-test-framework/CSharpTestFramework/Data.Tests/bin/Debug/net8.0/logs/dotnet_en-GB.txt'.\nFile name: '/home/runner/work/csharp-test-framework/csharp-test-framework/CSharpTestFramework/Data.Tests/bin/Debug/net8.0/logs/dotnet_en-GB.txt'\n   at Interop.ThrowExceptionForIoErrno(ErrorInfo errorInfo, String path, Boolean isDirError)\n   at Microsoft.Win32.SafeHandles.SafeFileHandle.Open(String path, OpenFlags flags, Int32 mode, Boolean failForSymlink, Boolean& wasSymlink, Func`4 createOpenException)\n   at Microsoft.Win32.SafeHandles.SafeFileHandle.Open(String fullPath, FileMode mode, FileAccess access, FileShare share, FileOptions options, Int64 preallocationSize, UnixFileMode openPermissions, Int64& fileLength, UnixFileMode& filePermissions, Boolean failForSymlink, Boolean& wasSymlink, Func`4 createOpenException)\n   at System.IO.File.OpenHandle(String path, FileMode mode, FileAccess access, FileShare share, FileOptions options, Int64 preallocationSize)\n   at System.IO.File.ReadAllBytes(String path)\n   at Allure.Net.Commons.AllureApi.AddAttachment(String name, String type, String path)\n   at Data.Tests.Hooks.DataHooks.AfterScenario(ScenarioContext scenarioContext) in /home/runner/work/csharp-test-framework/csharp-test-framework/CSharpTestFramework/Data.Tests/Hooks/DataHooks.cs:line 48\n   at InvokeStub_Action`2.Invoke(Object, Span`1)\n   at System.Reflection.MethodBaseInvoker.InvokeWithFewArgs(Object obj, BindingFlags invokeAttr, Binder binder, Object[] parameters, CultureInfo culture)\n--- End of stack trace from previous location ---\n   at Reqnroll.Bindings.BindingInvoker.InvokeBindingAsync(IBinding binding, IContextManager contextManager, Object[] arguments, ITestTracer testTracer, DurationHolder durationHolder)\n   at Reqnroll.Infrastructure.TestExecutionEngine.InvokeHookAsync(IAsyncBindingInvoker invoker, IHookBinding hookBinding, HookType hookType)\n   at Reqnroll.Infrastructure.TestExecutionEngine.InvokeHookAsync(IAsyncBindingInvoker invoker, IHookBinding hookBinding, HookType hookType)\n   at Reqnroll.Infrastructure.TestExecutionEngine.FireEventsAsync(HookType hookType)\n   at Reqnroll.Infrastructure.TestExecutionEngine.FireEventsAsync(HookType hookType)\n   at Reqnroll.Infrastructure.TestExecutionEngine.FireScenarioEventsAsync(HookType bindingEvent)\n   at Reqnroll.Infrastructure.TestExecutionEngine.OnScenarioEndAsync()","steps":[{"name":"Given the homepage_content table is populated","time":{"start":1762968038187,"stop":1762968039291,"duration":1104},"status":"passed","steps":[],"attachments":[],"parameters":[],"stepsCount":0,"shouldDisplayMessage":false,"attachmentsCount":0,"hasContent":false,"attachmentStep":false},{"name":"When the about_me content is retrieved","time":{"start":1762968039303,"stop":1762968039304,"duration":1},"status":"passed","steps":[],"attachments":[],"parameters":[],"stepsCount":0,"shouldDisplayMessage":false,"attachmentsCount":0,"hasContent":false,"attachmentStep":false},{"name":"Then the text should match the expected value","time":{"start":1762968039306,"stop":1762968039316,"duration":10},"status":"passed","steps":[],"attachments":[],"parameters":[],"stepsCount":0,"shouldDisplayMessage":false,"attachmentsCount":0,"hasContent":false,"attachmentStep":false}],"attachments":[],"parameters":[],"stepsCount":3,"shouldDisplayMessage":true,"attachmentsCount":0,"hasContent":true,"attachmentStep":false},"afterStages":[{"name":"DataHooks.AfterScenario(ScenarioContext)","time":{"start":1762968039338,"stop":1762968039363,"duration":25},"status":"broken","statusMessage":"Could not find file '/home/runner/work/csharp-test-framework/csharp-test-framework/CSharpTestFramework/Data.Tests/bin/Debug/net8.0/logs/dotnet_en-GB.txt'.","statusTrace":"System.IO.FileNotFoundException: Could not find file '/home/runner/work/csharp-test-framework/csharp-test-framework/CSharpTestFramework/Data.Tests/bin/Debug/net8.0/logs/dotnet_en-GB.txt'.\nFile name: '/home/runner/work/csharp-test-framework/csharp-test-framework/CSharpTestFramework/Data.Tests/bin/Debug/net8.0/logs/dotnet_en-GB.txt'\n   at Interop.ThrowExceptionForIoErrno(ErrorInfo errorInfo, String path, Boolean isDirError)\n   at Microsoft.Win32.SafeHandles.SafeFileHandle.Open(String path, OpenFlags flags, Int32 mode, Boolean failForSymlink, Boolean& wasSymlink, Func`4 createOpenException)\n   at Microsoft.Win32.SafeHandles.SafeFileHandle.Open(String fullPath, FileMode mode, FileAccess access, FileShare share, FileOptions options, Int64 preallocationSize, UnixFileMode openPermissions, Int64& fileLength, UnixFileMode& filePermissions, Boolean failForSymlink, Boolean& wasSymlink, Func`4 createOpenException)\n   at System.IO.File.OpenHandle(String path, FileMode mode, FileAccess access, FileShare share, FileOptions options, Int64 preallocationSize)\n   at System.IO.File.ReadAllBytes(String path)\n   at Allure.Net.Commons.AllureApi.AddAttachment(String name, String type, String path)\n   at Data.Tests.Hooks.DataHooks.AfterScenario(ScenarioContext scenarioContext) in /home/runner/work/csharp-test-framework/csharp-test-framework/CSharpTestFramework/Data.Tests/Hooks/DataHooks.cs:line 48\n   at InvokeStub_Action`2.Invoke(Object, Span`1)\n   at System.Reflection.MethodBaseInvoker.InvokeWithFewArgs(Object obj, BindingFlags invokeAttr, Binder binder, Object[] parameters, CultureInfo culture)\n--- End of stack trace from previous location ---\n   at Reqnroll.Bindings.BindingInvoker.InvokeBindingAsync(IBinding binding, IContextManager contextManager, Object[] arguments, ITestTracer testTracer, DurationHolder durationHolder)\n   at Reqnroll.Infrastructure.TestExecutionEngine.InvokeHookAsync(IAsyncBindingInvoker invoker, IHookBinding hookBinding, HookType hookType)\n   at Reqnroll.Infrastructure.TestExecutionEngine.InvokeHookAsync(IAsyncBindingInvoker invoker, IHookBinding hookBinding, HookType hookType)\n   at Reqnroll.Infrastructure.TestExecutionEngine.FireEventsAsync(HookType hookType)","steps":[],"attachments":[],"parameters":[],"stepsCount":0,"shouldDisplayMessage":true,"attachmentsCount":0,"hasContent":true,"attachmentStep":false}],"labels":[{"name":"host","value":"runnervmw9dnm"},{"name":"thread","value":"NUnit.Fw.NonParallelWorker"},{"name":"language","value":"C#"},{"name":"framework","value":"Reqnroll"},{"name":"package","value":"Features.HomepageData"},{"name":"feature","value":"HomepageData"},{"name":"tag","value":"mytag"},{"name":"resultFormat","value":"allure2"}],"parameters":[],"links":[],"hidden":false,"retry":false,"extra":{"severity":"normal","retries":[],"categories":[{"name":"Test defects","matchedStatuses":[],"flaky":false}],"history":{"statistic":{"failed":0,"broken":1,"skipped":0,"passed":2,"unknown":0,"total":3},"items":[{"uid":"7ca5b4ea646abb4a","reportUrl":"https://Xela96.github.io/csharp-test-framework/38/#testresult/7ca5b4ea646abb4a","status":"passed","time":{"start":1762967441038,"stop":1762967442474,"duration":1436}},{"uid":"cfb4cf1654a47441","reportUrl":"https://Xela96.github.io/csharp-test-framework/37/#testresult/cfb4cf1654a47441","status":"passed","time":{"start":1762965996706,"stop":1762965997955,"duration":1249}}]},"tags":["mytag"]},"source":"42c5b8f198c7a64a.json","parameterValues":[]}