{"uid":"84ed8a100c87ccc5","name":"Visit the homepage","fullName":"UI.Tests/Features/HomepageUI/Visit the homepage","historyId":"7e5f7edfa7ccc2c35aecd8511789dad9","time":{"start":1762968039926,"stop":1762968041903,"duration":1977},"status":"broken","statusMessage":"Could not find file '/home/runner/work/csharp-test-framework/csharp-test-framework/CSharpTestFramework/UI.Tests/bin/Debug/net8.0/logs/dotnet_en-GB.txt'.","statusTrace":"System.IO.FileNotFoundException: Could not find file '/home/runner/work/csharp-test-framework/csharp-test-framework/CSharpTestFramework/UI.Tests/bin/Debug/net8.0/logs/dotnet_en-GB.txt'.\nFile name: '/home/runner/work/csharp-test-framework/csharp-test-framework/CSharpTestFramework/UI.Tests/bin/Debug/net8.0/logs/dotnet_en-GB.txt'\n   at Interop.ThrowExceptionForIoErrno(ErrorInfo errorInfo, String path, Boolean isDirError)\n   at Microsoft.Win32.SafeHandles.SafeFileHandle.Open(String path, OpenFlags flags, Int32 mode, Boolean failForSymlink, Boolean& wasSymlink, Func`4 createOpenException)\n   at Microsoft.Win32.SafeHandles.SafeFileHandle.Open(String fullPath, FileMode mode, FileAccess access, FileShare share, FileOptions options, Int64 preallocationSize, UnixFileMode openPermissions, Int64& fileLength, UnixFileMode& filePermissions, Boolean failForSymlink, Boolean& wasSymlink, Func`4 createOpenException)\n   at System.IO.File.OpenHandle(String path, FileMode mode, FileAccess access, FileShare share, FileOptions options, Int64 preallocationSize)\n   at System.IO.File.ReadAllBytes(String path)\n   at Allure.Net.Commons.AllureApi.AddAttachment(String name, String type, String path)\n   at UI.Tests.Hooks.UIHooks.AfterScenario(ScenarioContext scenarioContext) in /home/runner/work/csharp-test-framework/csharp-test-framework/CSharpTestFramework/UI.Tests/Hooks/UIHooks.cs:line 77\n   at InvokeStub_Action`2.Invoke(Object, Span`1)\n   at System.Reflection.MethodBaseInvoker.InvokeWithFewArgs(Object obj, BindingFlags invokeAttr, Binder binder, Object[] parameters, CultureInfo culture)\n--- End of stack trace from previous location ---\n   at Reqnroll.Bindings.BindingInvoker.InvokeBindingAsync(IBinding binding, IContextManager contextManager, Object[] arguments, ITestTracer testTracer, DurationHolder durationHolder)\n   at Reqnroll.Infrastructure.TestExecutionEngine.InvokeHookAsync(IAsyncBindingInvoker invoker, IHookBinding hookBinding, HookType hookType)\n   at Reqnroll.Infrastructure.TestExecutionEngine.InvokeHookAsync(IAsyncBindingInvoker invoker, IHookBinding hookBinding, HookType hookType)\n   at Reqnroll.Infrastructure.TestExecutionEngine.FireEventsAsync(HookType hookType)\n   at Reqnroll.Infrastructure.TestExecutionEngine.FireEventsAsync(HookType hookType)\n   at Reqnroll.Infrastructure.TestExecutionEngine.FireScenarioEventsAsync(HookType bindingEvent)\n   at Reqnroll.Infrastructure.TestExecutionEngine.OnScenarioEndAsync()","flaky":false,"newFailed":false,"newBroken":true,"newPassed":false,"retriesCount":0,"retriesStatusChange":false,"beforeStages":[{"name":"UIHooks.SetupTestAsync()","time":{"start":1762968037879,"stop":1762968039921,"duration":2042},"status":"passed","steps":[],"attachments":[],"parameters":[],"stepsCount":0,"shouldDisplayMessage":false,"attachmentsCount":0,"hasContent":false,"attachmentStep":false},{"name":"UIHooks.BeforeScenario(ScenarioContext)","time":{"start":1762968039922,"stop":1762968039926,"duration":4},"status":"passed","steps":[],"attachments":[],"parameters":[],"stepsCount":0,"shouldDisplayMessage":false,"attachmentsCount":0,"hasContent":false,"attachmentStep":false}],"testStage":{"status":"broken","statusMessage":"Could not find file '/home/runner/work/csharp-test-framework/csharp-test-framework/CSharpTestFramework/UI.Tests/bin/Debug/net8.0/logs/dotnet_en-GB.txt'.","statusTrace":"System.IO.FileNotFoundException: Could not find file '/home/runner/work/csharp-test-framework/csharp-test-framework/CSharpTestFramework/UI.Tests/bin/Debug/net8.0/logs/dotnet_en-GB.txt'.\nFile name: '/home/runner/work/csharp-test-framework/csharp-test-framework/CSharpTestFramework/UI.Tests/bin/Debug/net8.0/logs/dotnet_en-GB.txt'\n   at Interop.ThrowExceptionForIoErrno(ErrorInfo errorInfo, String path, Boolean isDirError)\n   at Microsoft.Win32.SafeHandles.SafeFileHandle.Open(String path, OpenFlags flags, Int32 mode, Boolean failForSymlink, Boolean& wasSymlink, Func`4 createOpenException)\n   at Microsoft.Win32.SafeHandles.SafeFileHandle.Open(String fullPath, FileMode mode, FileAccess access, FileShare share, FileOptions options, Int64 preallocationSize, UnixFileMode openPermissions, Int64& fileLength, UnixFileMode& filePermissions, Boolean failForSymlink, Boolean& wasSymlink, Func`4 createOpenException)\n   at System.IO.File.OpenHandle(String path, FileMode mode, FileAccess access, FileShare share, FileOptions options, Int64 preallocationSize)\n   at System.IO.File.ReadAllBytes(String path)\n   at Allure.Net.Commons.AllureApi.AddAttachment(String name, String type, String path)\n   at UI.Tests.Hooks.UIHooks.AfterScenario(ScenarioContext scenarioContext) in /home/runner/work/csharp-test-framework/csharp-test-framework/CSharpTestFramework/UI.Tests/Hooks/UIHooks.cs:line 77\n   at InvokeStub_Action`2.Invoke(Object, Span`1)\n   at System.Reflection.MethodBaseInvoker.InvokeWithFewArgs(Object obj, BindingFlags invokeAttr, Binder binder, Object[] parameters, CultureInfo culture)\n--- End of stack trace from previous location ---\n   at Reqnroll.Bindings.BindingInvoker.InvokeBindingAsync(IBinding binding, IContextManager contextManager, Object[] arguments, ITestTracer testTracer, DurationHolder durationHolder)\n   at Reqnroll.Infrastructure.TestExecutionEngine.InvokeHookAsync(IAsyncBindingInvoker invoker, IHookBinding hookBinding, HookType hookType)\n   at Reqnroll.Infrastructure.TestExecutionEngine.InvokeHookAsync(IAsyncBindingInvoker invoker, IHookBinding hookBinding, HookType hookType)\n   at Reqnroll.Infrastructure.TestExecutionEngine.FireEventsAsync(HookType hookType)\n   at Reqnroll.Infrastructure.TestExecutionEngine.FireEventsAsync(HookType hookType)\n   at Reqnroll.Infrastructure.TestExecutionEngine.FireScenarioEventsAsync(HookType bindingEvent)\n   at Reqnroll.Infrastructure.TestExecutionEngine.OnScenarioEndAsync()","steps":[{"name":"Given a user accessing \"https://dohertyalex.cc\"","time":{"start":1762968039945,"stop":1762968041871,"duration":1926},"status":"passed","steps":[],"attachments":[],"parameters":[],"stepsCount":0,"shouldDisplayMessage":false,"attachmentsCount":0,"hasContent":false,"attachmentStep":false},{"name":"When the page loads","time":{"start":1762968041875,"stop":1762968041886,"duration":11},"status":"passed","steps":[],"attachments":[],"parameters":[],"stepsCount":0,"shouldDisplayMessage":false,"attachmentsCount":0,"hasContent":false,"attachmentStep":false},{"name":"Then the page title is correct","time":{"start":1762968041887,"stop":1762968041898,"duration":11},"status":"passed","steps":[],"attachments":[],"parameters":[],"stepsCount":0,"shouldDisplayMessage":false,"attachmentsCount":0,"hasContent":false,"attachmentStep":false}],"attachments":[],"parameters":[],"stepsCount":3,"shouldDisplayMessage":true,"attachmentsCount":0,"hasContent":true,"attachmentStep":false},"afterStages":[{"name":"UIHooks.TakeScreenshotAsync()","time":{"start":1762968041906,"stop":1762968041989,"duration":83},"status":"passed","steps":[],"attachments":[{"uid":"190b22fe42d95f87","name":"Screenshot","source":"190b22fe42d95f87.png","type":"image/png","size":83051}],"parameters":[],"stepsCount":0,"shouldDisplayMessage":false,"attachmentsCount":1,"hasContent":true,"attachmentStep":false},{"name":"UIHooks.AfterScenario(ScenarioContext)","time":{"start":1762968041989,"stop":1762968041995,"duration":6},"status":"broken","statusMessage":"Could not find file '/home/runner/work/csharp-test-framework/csharp-test-framework/CSharpTestFramework/UI.Tests/bin/Debug/net8.0/logs/dotnet_en-GB.txt'.","statusTrace":"System.IO.FileNotFoundException: Could not find file '/home/runner/work/csharp-test-framework/csharp-test-framework/CSharpTestFramework/UI.Tests/bin/Debug/net8.0/logs/dotnet_en-GB.txt'.\nFile name: '/home/runner/work/csharp-test-framework/csharp-test-framework/CSharpTestFramework/UI.Tests/bin/Debug/net8.0/logs/dotnet_en-GB.txt'\n   at Interop.ThrowExceptionForIoErrno(ErrorInfo errorInfo, String path, Boolean isDirError)\n   at Microsoft.Win32.SafeHandles.SafeFileHandle.Open(String path, OpenFlags flags, Int32 mode, Boolean failForSymlink, Boolean& wasSymlink, Func`4 createOpenException)\n   at Microsoft.Win32.SafeHandles.SafeFileHandle.Open(String fullPath, FileMode mode, FileAccess access, FileShare share, FileOptions options, Int64 preallocationSize, UnixFileMode openPermissions, Int64& fileLength, UnixFileMode& filePermissions, Boolean failForSymlink, Boolean& wasSymlink, Func`4 createOpenException)\n   at System.IO.File.OpenHandle(String path, FileMode mode, FileAccess access, FileShare share, FileOptions options, Int64 preallocationSize)\n   at System.IO.File.ReadAllBytes(String path)\n   at Allure.Net.Commons.AllureApi.AddAttachment(String name, String type, String path)\n   at UI.Tests.Hooks.UIHooks.AfterScenario(ScenarioContext scenarioContext) in /home/runner/work/csharp-test-framework/csharp-test-framework/CSharpTestFramework/UI.Tests/Hooks/UIHooks.cs:line 77\n   at InvokeStub_Action`2.Invoke(Object, Span`1)\n   at System.Reflection.MethodBaseInvoker.InvokeWithFewArgs(Object obj, BindingFlags invokeAttr, Binder binder, Object[] parameters, CultureInfo culture)\n--- End of stack trace from previous location ---\n   at Reqnroll.Bindings.BindingInvoker.InvokeBindingAsync(IBinding binding, IContextManager contextManager, Object[] arguments, ITestTracer testTracer, DurationHolder durationHolder)\n   at Reqnroll.Infrastructure.TestExecutionEngine.InvokeHookAsync(IAsyncBindingInvoker invoker, IHookBinding hookBinding, HookType hookType)\n   at Reqnroll.Infrastructure.TestExecutionEngine.InvokeHookAsync(IAsyncBindingInvoker invoker, IHookBinding hookBinding, HookType hookType)\n   at Reqnroll.Infrastructure.TestExecutionEngine.FireEventsAsync(HookType hookType)","steps":[],"attachments":[],"parameters":[],"stepsCount":0,"shouldDisplayMessage":true,"attachmentsCount":0,"hasContent":true,"attachmentStep":false}],"labels":[{"name":"host","value":"runnervmw9dnm"},{"name":"thread","value":"NUnit.Fw.NonParallelWorker"},{"name":"language","value":"C#"},{"name":"framework","value":"Reqnroll"},{"name":"package","value":"Features.HomepageUI"},{"name":"feature","value":"HomepageUI"},{"name":"tag","value":"mytag"},{"name":"resultFormat","value":"allure2"}],"parameters":[],"links":[],"hidden":false,"retry":false,"extra":{"severity":"normal","retries":[],"categories":[{"name":"Test defects","matchedStatuses":[],"flaky":false}],"history":{"statistic":{"failed":0,"broken":1,"skipped":0,"passed":2,"unknown":0,"total":3},"items":[{"uid":"762b1cfdae9f333a","reportUrl":"https://Xela96.github.io/csharp-test-framework/38/#testresult/762b1cfdae9f333a","status":"passed","time":{"start":1762967442487,"stop":1762967444783,"duration":2296}},{"uid":"c9b74c641590f0f8","reportUrl":"https://Xela96.github.io/csharp-test-framework/37/#testresult/c9b74c641590f0f8","status":"passed","time":{"start":1762966000158,"stop":1762966001268,"duration":1110}}]},"tags":["mytag"]},"source":"84ed8a100c87ccc5.json","parameterValues":[]}