{"uid":"d78e287951149680","name":"Verify homepage status code is 200","fullName":"API.Tests/Features/HomepageAPI/Verify homepage status code is 200","historyId":"9964096f4157e27bcbd1dfe98c2faebb","time":{"start":1762968038183,"stop":1762968040458,"duration":2275},"status":"broken","statusMessage":"Could not find file '/home/runner/work/csharp-test-framework/csharp-test-framework/CSharpTestFramework/API.Tests/bin/Debug/net8.0/logs/dotnet_en-GB.txt'.","statusTrace":"System.IO.FileNotFoundException: Could not find file '/home/runner/work/csharp-test-framework/csharp-test-framework/CSharpTestFramework/API.Tests/bin/Debug/net8.0/logs/dotnet_en-GB.txt'.\nFile name: '/home/runner/work/csharp-test-framework/csharp-test-framework/CSharpTestFramework/API.Tests/bin/Debug/net8.0/logs/dotnet_en-GB.txt'\n   at Interop.ThrowExceptionForIoErrno(ErrorInfo errorInfo, String path, Boolean isDirError)\n   at Microsoft.Win32.SafeHandles.SafeFileHandle.Open(String path, OpenFlags flags, Int32 mode, Boolean failForSymlink, Boolean& wasSymlink, Func`4 createOpenException)\n   at Microsoft.Win32.SafeHandles.SafeFileHandle.Open(String fullPath, FileMode mode, FileAccess access, FileShare share, FileOptions options, Int64 preallocationSize, UnixFileMode openPermissions, Int64& fileLength, UnixFileMode& filePermissions, Boolean failForSymlink, Boolean& wasSymlink, Func`4 createOpenException)\n   at System.IO.File.OpenHandle(String path, FileMode mode, FileAccess access, FileShare share, FileOptions options, Int64 preallocationSize)\n   at System.IO.File.ReadAllBytes(String path)\n   at Allure.Net.Commons.AllureApi.AddAttachment(String name, String type, String path)\n   at API.Tests.Hooks.APIHooks.AfterScenario(ScenarioContext scenarioContext) in /home/runner/work/csharp-test-framework/csharp-test-framework/CSharpTestFramework/API.Tests/Hooks/APIHooks.cs:line 47\n   at InvokeStub_Action`2.Invoke(Object, Span`1)\n   at System.Reflection.MethodBaseInvoker.InvokeWithFewArgs(Object obj, BindingFlags invokeAttr, Binder binder, Object[] parameters, CultureInfo culture)\n--- End of stack trace from previous location ---\n   at Reqnroll.Bindings.BindingInvoker.InvokeBindingAsync(IBinding binding, IContextManager contextManager, Object[] arguments, ITestTracer testTracer, DurationHolder durationHolder)\n   at Reqnroll.Infrastructure.TestExecutionEngine.InvokeHookAsync(IAsyncBindingInvoker invoker, IHookBinding hookBinding, HookType hookType)\n   at Reqnroll.Infrastructure.TestExecutionEngine.InvokeHookAsync(IAsyncBindingInvoker invoker, IHookBinding hookBinding, HookType hookType)\n   at Reqnroll.Infrastructure.TestExecutionEngine.FireEventsAsync(HookType hookType)\n   at Reqnroll.Infrastructure.TestExecutionEngine.FireEventsAsync(HookType hookType)\n   at Reqnroll.Infrastructure.TestExecutionEngine.FireScenarioEventsAsync(HookType bindingEvent)\n   at Reqnroll.Infrastructure.TestExecutionEngine.OnScenarioEndAsync()","flaky":false,"newFailed":false,"newBroken":true,"newPassed":false,"retriesCount":0,"retriesStatusChange":false,"beforeStages":[{"name":"APIHooks.BeforeScenario(ScenarioContext)","time":{"start":1762968038145,"stop":1762968038172,"duration":27},"status":"passed","steps":[],"attachments":[],"parameters":[],"stepsCount":0,"shouldDisplayMessage":false,"attachmentsCount":0,"hasContent":false,"attachmentStep":false}],"testStage":{"status":"broken","statusMessage":"Could not find file '/home/runner/work/csharp-test-framework/csharp-test-framework/CSharpTestFramework/API.Tests/bin/Debug/net8.0/logs/dotnet_en-GB.txt'.","statusTrace":"System.IO.FileNotFoundException: Could not find file '/home/runner/work/csharp-test-framework/csharp-test-framework/CSharpTestFramework/API.Tests/bin/Debug/net8.0/logs/dotnet_en-GB.txt'.\nFile name: '/home/runner/work/csharp-test-framework/csharp-test-framework/CSharpTestFramework/API.Tests/bin/Debug/net8.0/logs/dotnet_en-GB.txt'\n   at Interop.ThrowExceptionForIoErrno(ErrorInfo errorInfo, String path, Boolean isDirError)\n   at Microsoft.Win32.SafeHandles.SafeFileHandle.Open(String path, OpenFlags flags, Int32 mode, Boolean failForSymlink, Boolean& wasSymlink, Func`4 createOpenException)\n   at Microsoft.Win32.SafeHandles.SafeFileHandle.Open(String fullPath, FileMode mode, FileAccess access, FileShare share, FileOptions options, Int64 preallocationSize, UnixFileMode openPermissions, Int64& fileLength, UnixFileMode& filePermissions, Boolean failForSymlink, Boolean& wasSymlink, Func`4 createOpenException)\n   at System.IO.File.OpenHandle(String path, FileMode mode, FileAccess access, FileShare share, FileOptions options, Int64 preallocationSize)\n   at System.IO.File.ReadAllBytes(String path)\n   at Allure.Net.Commons.AllureApi.AddAttachment(String name, String type, String path)\n   at API.Tests.Hooks.APIHooks.AfterScenario(ScenarioContext scenarioContext) in /home/runner/work/csharp-test-framework/csharp-test-framework/CSharpTestFramework/API.Tests/Hooks/APIHooks.cs:line 47\n   at InvokeStub_Action`2.Invoke(Object, Span`1)\n   at System.Reflection.MethodBaseInvoker.InvokeWithFewArgs(Object obj, BindingFlags invokeAttr, Binder binder, Object[] parameters, CultureInfo culture)\n--- End of stack trace from previous location ---\n   at Reqnroll.Bindings.BindingInvoker.InvokeBindingAsync(IBinding binding, IContextManager contextManager, Object[] arguments, ITestTracer testTracer, DurationHolder durationHolder)\n   at Reqnroll.Infrastructure.TestExecutionEngine.InvokeHookAsync(IAsyncBindingInvoker invoker, IHookBinding hookBinding, HookType hookType)\n   at Reqnroll.Infrastructure.TestExecutionEngine.InvokeHookAsync(IAsyncBindingInvoker invoker, IHookBinding hookBinding, HookType hookType)\n   at Reqnroll.Infrastructure.TestExecutionEngine.FireEventsAsync(HookType hookType)\n   at Reqnroll.Infrastructure.TestExecutionEngine.FireEventsAsync(HookType hookType)\n   at Reqnroll.Infrastructure.TestExecutionEngine.FireScenarioEventsAsync(HookType bindingEvent)\n   at Reqnroll.Infrastructure.TestExecutionEngine.OnScenarioEndAsync()","steps":[{"name":"Given the homepage address \"https://dohertyalex.cc\"","time":{"start":1762968038245,"stop":1762968038281,"duration":36},"status":"passed","steps":[],"attachments":[],"parameters":[],"stepsCount":0,"shouldDisplayMessage":false,"attachmentsCount":0,"hasContent":false,"attachmentStep":false},{"name":"When the request is sent","time":{"start":1762968038289,"stop":1762968040447,"duration":2158},"status":"passed","steps":[],"attachments":[],"parameters":[],"stepsCount":0,"shouldDisplayMessage":false,"attachmentsCount":0,"hasContent":false,"attachmentStep":false},{"name":"Then the response status should be Ok","time":{"start":1762968040449,"stop":1762968040454,"duration":5},"status":"passed","steps":[],"attachments":[],"parameters":[],"stepsCount":0,"shouldDisplayMessage":false,"attachmentsCount":0,"hasContent":false,"attachmentStep":false}],"attachments":[],"parameters":[],"stepsCount":3,"shouldDisplayMessage":true,"attachmentsCount":0,"hasContent":true,"attachmentStep":false},"afterStages":[{"name":"APIHooks.AfterScenario(ScenarioContext)","time":{"start":1762968040462,"stop":1762968040472,"duration":10},"status":"broken","statusMessage":"Could not find file '/home/runner/work/csharp-test-framework/csharp-test-framework/CSharpTestFramework/API.Tests/bin/Debug/net8.0/logs/dotnet_en-GB.txt'.","statusTrace":"System.IO.FileNotFoundException: Could not find file '/home/runner/work/csharp-test-framework/csharp-test-framework/CSharpTestFramework/API.Tests/bin/Debug/net8.0/logs/dotnet_en-GB.txt'.\nFile name: '/home/runner/work/csharp-test-framework/csharp-test-framework/CSharpTestFramework/API.Tests/bin/Debug/net8.0/logs/dotnet_en-GB.txt'\n   at Interop.ThrowExceptionForIoErrno(ErrorInfo errorInfo, String path, Boolean isDirError)\n   at Microsoft.Win32.SafeHandles.SafeFileHandle.Open(String path, OpenFlags flags, Int32 mode, Boolean failForSymlink, Boolean& wasSymlink, Func`4 createOpenException)\n   at Microsoft.Win32.SafeHandles.SafeFileHandle.Open(String fullPath, FileMode mode, FileAccess access, FileShare share, FileOptions options, Int64 preallocationSize, UnixFileMode openPermissions, Int64& fileLength, UnixFileMode& filePermissions, Boolean failForSymlink, Boolean& wasSymlink, Func`4 createOpenException)\n   at System.IO.File.OpenHandle(String path, FileMode mode, FileAccess access, FileShare share, FileOptions options, Int64 preallocationSize)\n   at System.IO.File.ReadAllBytes(String path)\n   at Allure.Net.Commons.AllureApi.AddAttachment(String name, String type, String path)\n   at API.Tests.Hooks.APIHooks.AfterScenario(ScenarioContext scenarioContext) in /home/runner/work/csharp-test-framework/csharp-test-framework/CSharpTestFramework/API.Tests/Hooks/APIHooks.cs:line 47\n   at InvokeStub_Action`2.Invoke(Object, Span`1)\n   at System.Reflection.MethodBaseInvoker.InvokeWithFewArgs(Object obj, BindingFlags invokeAttr, Binder binder, Object[] parameters, CultureInfo culture)\n--- End of stack trace from previous location ---\n   at Reqnroll.Bindings.BindingInvoker.InvokeBindingAsync(IBinding binding, IContextManager contextManager, Object[] arguments, ITestTracer testTracer, DurationHolder durationHolder)\n   at Reqnroll.Infrastructure.TestExecutionEngine.InvokeHookAsync(IAsyncBindingInvoker invoker, IHookBinding hookBinding, HookType hookType)\n   at Reqnroll.Infrastructure.TestExecutionEngine.InvokeHookAsync(IAsyncBindingInvoker invoker, IHookBinding hookBinding, HookType hookType)\n   at Reqnroll.Infrastructure.TestExecutionEngine.FireEventsAsync(HookType hookType)","steps":[],"attachments":[],"parameters":[],"stepsCount":0,"shouldDisplayMessage":true,"attachmentsCount":0,"hasContent":true,"attachmentStep":false}],"labels":[{"name":"host","value":"runnervmw9dnm"},{"name":"thread","value":"NUnit.Fw.NonParallelWorker"},{"name":"language","value":"C#"},{"name":"framework","value":"Reqnroll"},{"name":"package","value":"Features.HomepageAPI"},{"name":"feature","value":"HomepageAPI"},{"name":"tag","value":"mytag"},{"name":"resultFormat","value":"allure2"}],"parameters":[],"links":[],"hidden":false,"retry":false,"extra":{"severity":"normal","retries":[],"categories":[{"name":"Test defects","matchedStatuses":[],"flaky":false}],"history":{"statistic":{"failed":0,"broken":1,"skipped":0,"passed":2,"unknown":0,"total":3},"items":[{"uid":"23f704b98c4743cb","reportUrl":"https://Xela96.github.io/csharp-test-framework/38/#testresult/23f704b98c4743cb","status":"passed","time":{"start":1762967441041,"stop":1762967443635,"duration":2594}},{"uid":"18d11d302ed00bcd","reportUrl":"https://Xela96.github.io/csharp-test-framework/37/#testresult/18d11d302ed00bcd","status":"passed","time":{"start":1762965996835,"stop":1762965997544,"duration":709}}]},"tags":["mytag"]},"source":"d78e287951149680.json","parameterValues":[]}